
 
RUN.PY		|| 20 Feb 2016 10:39:15Data synchronisation system was started.

 
RUN.PY		|| 22 Feb 2016 07:33:28Data synchronisation system was started.

 
RUN.PY		|| 22 Feb 2016 21:12:31Data synchronisation system was started.

 
RUN.PY		|| 22 Feb 2016 22:05:55Data synchronisation system was started.

 
RUN.PY		|| 22 Feb 2016 22:07:08Data synchronisation system was started.

 
RUN.PY		|| 23 Feb 2016 17:15:18Data synchronisation system was started.

 
RUN.PY		|| 23 Feb 2016 22:39:11Data synchronisation system was started.

 
RUN.PY		|| 24 Feb 2016 08:21:52Data synchronisation system was started.

 
RUN.PY		|| 24 Feb 2016 08:23:44Data synchronisation system was started.

 
RUN.PY		|| 24 Feb 2016 15:01:54Data synchronisation system was started.

 
RUN.PY		|| 25 Feb 2016 17:57:09Data synchronisation system was started.

 
RUN.PY		|| 03 Mar 2016 12:16:49Data synchronisation system was started.

 
RUN.PY		|| 03 Mar 2016 12:40:54Data synchronisation system was started.

 
RUN.PY		|| 04 Mar 2016 14:22:04Data synchronisation system was started.

 
RUN.PY		|| 04 Mar 2016 17:11:26Data synchronisation system was started.

 
RUN.PY		|| 05 Mar 2016 11:35:38Data synchronisation system was started.

 
RUN.PY		|| 06 Mar 2016 12:28:26Data synchronisation system was started.

 
RUN.PY		|| 06 Mar 2016 18:37:45Data synchronisation system was started.

 
RUN.PY		|| 08 Mar 2016 17:09:59Data synchronisation system was started.

 
RUN.PY		|| 09 Mar 2016 16:40:04Data synchronisation system was started.

 
RUN.PY		|| 09 Mar 2016 18:11:44Data synchronisation system was started.

 
RUN.PY		|| 10 Mar 2016 19:22:34Data synchronisation system was started.

 
RUN.PY		|| 10 Mar 2016 22:43:16Data synchronisation system was started.

 
RUN.PY		|| 11 Mar 2016 19:16:27Data synchronisation system was started.

 
RUN.PY		|| 12 Mar 2016 11:51:17Data synchronisation system was started.

 
RUN.PY		|| 12 Mar 2016 20:11:51Data synchronisation system was started.

 
RUN.PY		|| 12 Mar 2016 21:00:07Data synchronisation system was started.

 
RUN.PY		|| 12 Mar 2016 21:15:07Data synchronisation system was started.

 
RUN.PY		|| 13 Mar 2016 10:00:02Data synchronisation system was started.

 
RUN.PY		|| 13 Mar 2016 20:38:18Data synchronisation system was started.

 
RUN.PY		|| 15 Mar 2016 03:55:11Data synchronisation system was started.

 
RUN.PY		|| 15 Mar 2016 07:15:41Data synchronisation system was started.

 
RUN.PY		|| 15 Mar 2016 16:36:01Data synchronisation system was started.

 
RUN.PY		|| 15 Mar 2016 17:27:48Data synchronisation system was started.

 
RUN.PY		|| 15 Mar 2016 17:42:20Data synchronisation system was started.

 
RUN.PY		|| 15 Mar 2016 18:05:57Data synchronisation system was started.

 
RUN.PY		|| 15 Mar 2016 18:21:38Data synchronisation system was started.

 
RUN.PY		|| 15 Mar 2016 20:03:20Data synchronisation system was started.

 
RUN.PY		|| 15 Mar 2016 20:19:46Data synchronisation system was started.

 
RUN.PY		|| 16 Mar 2016 03:53:07Data synchronisation system was started.

 
RUN.PY		|| 16 Mar 2016 05:07:50Data synchronisation system was started.

 
RUN.PY		|| 16 Mar 2016 05:31:52Data synchronisation system was started.

 
RUN.PY		|| 16 Mar 2016 07:04:38Data synchronisation system was started.

 
RUN.PY		|| 16 Mar 2016 09:18:24Data synchronisation system was started.

 
RUN.PY		|| 16 Mar 2016 11:07:45Data synchronisation system was started.

 
RUN.PY		|| 16 Mar 2016 11:15:23Data synchronisation system was started.

 
RUN.PY		|| 16 Mar 2016 11:15:24Data synchronisation system was started.

 
RUN.PY		|| 16 Mar 2016 20:24:43Data synchronisation system was started.

 
RUN.PY		|| 16 Mar 2016 23:34:06Data synchronisation system was started.

 
RUN.PY		|| 17 Mar 2016 05:25:38Data synchronisation system was started.

 
RUN.PY		|| 17 Mar 2016 05:30:50Data synchronisation system was started.

 
RUN.PY		|| 17 Mar 2016 05:36:24Data synchronisation system was started.

 
RUN.PY		|| 17 Mar 2016 11:15:37Data synchronisation system was started.

 
RUN.PY		|| 17 Mar 2016 12:06:40Data synchronisation system was started.

 
RUN.PY		|| 17 Mar 2016 13:35:28Data synchronisation system was started.

 
RUN.PY		|| 17 Mar 2016 16:59:47Data synchronisation system was started.

 
RUN.PY		|| 17 Mar 2016 20:30:13Data synchronisation system was started.

 
RUN.PY		|| 18 Mar 2016 03:50:21Data synchronisation system was started.

 
RUN.PY		|| 18 Mar 2016 04:13:36Data synchronisation system was started.

 
RUN.PY		|| 18 Mar 2016 05:07:33Data synchronisation system was started.

 
RUN.PY		|| 18 Mar 2016 05:35:55Data synchronisation system was started.

 
RUN.PY		|| 18 Mar 2016 06:37:00Data synchronisation system was started.

 
RUN.PY		|| 18 Mar 2016 16:07:43Data synchronisation system was started.

 
RUN.PY		|| 26 Mar 2016 11:08:27Data synchronisation system was started.

 
RUN.PY		|| 26 Mar 2016 11:28:29Data synchronisation system was started.

 
RUN.PY		|| 14 May 2016 11:39:34Data synchronisation system was started.

 
RUN.PY		|| 16 May 2016 14:27:44Data synchronisation system was started.

 
RUN.PY		|| 16 May 2016 14:53:42Data synchronisation system was started.

 
RUN.PY		|| 01 Jan 2000 01:00:26Data synchronisation system was started.

 
RUN.PY		|| 01 Jan 2000 01:00:24Data synchronisation system was started.

 
RUN.PY		|| 30 Jun 2016 14:15:57Data synchronisation system was started.

 
RUN.PY		|| 22 Jul 2016 15:47:25Data synchronisation system was started.

 
RUN.PY		|| 29 Jul 2016 15:10:52Data synchronisation system was started.
